<?xml version="1.0" encoding="UTF-8"?>
<!-- Generated by org.testng.reporters.JUnitXMLReporter -->
<testsuite ignored="0" hostname="Guruswamy0122.local" failures="1" tests="1" name="iOS device 1" time="0.048" errors="0" timestamp="2023-04-15T13:21:53 IST">
  <testcase classname="ScriptlessMobilePerformanceTest" name="mainTest" time="0.007">
    <failure type="java.lang.RuntimeException" message="Test not implemented">
      <![CDATA[java.lang.RuntimeException: Test not implemented
at ScriptlessMobilePerformanceTest.mainTest(ScriptlessMobilePerformanceTest.java:8)
at java.base/java.util.ArrayList.forEach(ArrayList.java:1511)
at java.base/java.util.concurrent.FutureTask.run(FutureTask.java:264)
at java.base/java.util.concurrent.ThreadPoolExecutor.runWorker(ThreadPoolExecutor.java:1136)
at java.base/java.util.concurrent.ThreadPoolExecutor$Worker.run(ThreadPoolExecutor.java:635)
at java.base/java.lang.Thread.run(Thread.java:833)
... Removed 18 stack frames]]>
    </failure>
  </testcase> <!-- mainTest -->
</testsuite> <!-- iOS device 1 -->
