<?xml version="1.0" encoding="UTF-8"?>
<!-- Generated by org.testng.reporters.JUnitXMLReporter -->
<testsuite ignored="0" hostname="Guruswamy0122.local" failures="1" tests="1" name="Test" time="0.078" errors="0" timestamp="2023-04-15T13:20:21 IST">
  <testcase classname="ScriptlessMobilePerformanceTest" name="mainTest" time="0.009">
    <failure type="java.lang.RuntimeException" message="Test not implemented">
      <![CDATA[java.lang.RuntimeException: Test not implemented
at ScriptlessMobilePerformanceTest.mainTest(ScriptlessMobilePerformanceTest.java:8)
at java.base/java.util.ArrayList.forEach(ArrayList.java:1511)
... Removed 27 stack frames]]>
    </failure>
  </testcase> <!-- mainTest -->
</testsuite> <!-- Test -->
